0 verbose cli /Users/davicarneiro/.nvm/versions/node/v22.18.0/bin/node /Users/davicarneiro/.nvm/versions/node/v22.18.0/bin/npm
1 info using npm@10.9.3
2 info using node@v22.18.0
3 silly config load:file:/Users/davicarneiro/.nvm/versions/node/v22.18.0/lib/node_modules/npm/npmrc
4 silly config load:file:/Users/davicarneiro/Desktop/davi.cc/.npmrc
5 silly config load:file:/Users/davicarneiro/.npmrc
6 silly config load:file:/Users/davicarneiro/.nvm/versions/node/v22.18.0/etc/npmrc
7 verbose title npm install
8 verbose argv "install"
9 verbose logfile logs-max:10 dir:/Users/davicarneiro/Desktop/davi.cc/.npm-cache/_logs/2025-10-26T21_50_55_837Z-
10 verbose logfile /Users/davicarneiro/Desktop/davi.cc/.npm-cache/_logs/2025-10-26T21_50_55_837Z-debug-0.log
11 silly logfile done cleaning log files
12 silly packumentCache heap:4345298944 maxSize:1086324736 maxEntrySize:543162368
13 silly idealTree buildDeps
14 silly fetch manifest resend@^4.0.0
15 silly packumentCache full:https://registry.npmjs.org/resend cache-miss
16 http fetch GET 200 https://registry.npmjs.org/npm 260ms
17 http fetch GET 200 https://registry.npmjs.org/resend 831ms (cache miss)
18 silly packumentCache full:https://registry.npmjs.org/resend set size:undefined disposed:false
19 silly fetch manifest @astrojs/vercel@^8.7.1
20 silly packumentCache full:https://registry.npmjs.org/@astrojs%2fvercel cache-miss
21 http fetch GET 200 https://registry.npmjs.org/@astrojs%2fvercel 1630ms (cache miss)
22 silly packumentCache full:https://registry.npmjs.org/@astrojs%2fvercel set size:undefined disposed:false
23 silly placeDep ROOT @astrojs/vercel@ OK for:  want: ^8.7.1
24 silly placeDep ROOT resend@4.8.0 OK for:  want: ^4.0.0
25 silly fetch manifest @react-email/render@1.1.2
26 silly packumentCache full:https://registry.npmjs.org/@react-email%2frender cache-miss
27 http fetch GET 200 https://registry.npmjs.org/@react-email%2frender 1539ms (cache miss)
28 silly packumentCache full:https://registry.npmjs.org/@react-email%2frender set size:undefined disposed:false
29 silly fetch manifest react@^18.0 || ^19.0 || ^19.0.0-rc
30 silly packumentCache full:https://registry.npmjs.org/react cache-miss
31 http fetch GET 200 https://registry.npmjs.org/react 182ms (cache miss)
32 silly packumentCache full:https://registry.npmjs.org/react set size:undefined disposed:false
33 silly fetch manifest react-dom@^18.0 || ^19.0 || ^19.0.0-rc
34 silly packumentCache full:https://registry.npmjs.org/react-dom cache-miss
35 http fetch GET 200 https://registry.npmjs.org/react-dom 173ms (cache miss)
36 silly packumentCache full:https://registry.npmjs.org/react-dom set size:undefined disposed:false
37 silly placeDep ROOT @react-email/render@1.1.2 OK for: resend@4.8.0 want: 1.1.2
38 silly placeDep ROOT react@19.2.0 OK for: @react-email/render@1.1.2 want: ^18.0 || ^19.0 || ^19.0.0-rc
39 silly placeDep ROOT react-dom@19.2.0 OK for: @react-email/render@1.1.2 want: ^18.0 || ^19.0 || ^19.0.0-rc
40 silly fetch manifest prettier@^3.5.3
41 silly packumentCache full:https://registry.npmjs.org/prettier cache-miss
42 silly fetch manifest html-to-text@^9.0.5
43 silly packumentCache full:https://registry.npmjs.org/html-to-text cache-miss
44 silly fetch manifest react-promise-suspense@^0.3.4
45 silly packumentCache full:https://registry.npmjs.org/react-promise-suspense cache-miss
46 silly fetch manifest scheduler@^0.27.0
47 silly packumentCache full:https://registry.npmjs.org/scheduler cache-miss
48 http fetch GET 200 https://registry.npmjs.org/html-to-text 119ms (cache miss)
49 silly packumentCache full:https://registry.npmjs.org/html-to-text set size:undefined disposed:false
50 http fetch GET 200 https://registry.npmjs.org/prettier 154ms (cache miss)
51 silly packumentCache full:https://registry.npmjs.org/prettier set size:undefined disposed:false
52 http fetch GET 200 https://registry.npmjs.org/scheduler 223ms (cache miss)
53 silly packumentCache full:https://registry.npmjs.org/scheduler set size:undefined disposed:false
54 http fetch GET 200 https://registry.npmjs.org/react-promise-suspense 854ms (cache miss)
55 silly packumentCache full:https://registry.npmjs.org/react-promise-suspense set size:undefined disposed:false
56 silly placeDep ROOT html-to-text@9.0.5 OK for: @react-email/render@1.1.2 want: ^9.0.5
57 silly placeDep ROOT prettier@3.6.2 OK for: @react-email/render@1.1.2 want: ^3.5.3
58 silly placeDep ROOT react-promise-suspense@0.3.4 OK for: @react-email/render@1.1.2 want: ^0.3.4
59 silly fetch manifest @selderee/plugin-htmlparser2@^0.11.0
60 silly packumentCache full:https://registry.npmjs.org/@selderee%2fplugin-htmlparser2 cache-miss
61 silly fetch manifest deepmerge@^4.3.1
62 silly packumentCache full:https://registry.npmjs.org/deepmerge cache-miss
63 silly fetch manifest htmlparser2@^8.0.2
64 silly packumentCache full:https://registry.npmjs.org/htmlparser2 cache-miss
65 silly fetch manifest selderee@^0.11.0
66 silly packumentCache full:https://registry.npmjs.org/selderee cache-miss
67 silly fetch manifest fast-deep-equal@^2.0.1
68 silly packumentCache full:https://registry.npmjs.org/fast-deep-equal cache-miss
69 http fetch GET 200 https://registry.npmjs.org/htmlparser2 68ms (cache miss)
70 silly packumentCache full:https://registry.npmjs.org/htmlparser2 set size:undefined disposed:false
71 http fetch GET 200 https://registry.npmjs.org/deepmerge 135ms (cache miss)
72 silly packumentCache full:https://registry.npmjs.org/deepmerge set size:undefined disposed:false
73 http fetch GET 200 https://registry.npmjs.org/fast-deep-equal 144ms (cache miss)
74 silly packumentCache full:https://registry.npmjs.org/fast-deep-equal set size:undefined disposed:false
75 http fetch GET 200 https://registry.npmjs.org/selderee 146ms (cache miss)
76 silly packumentCache full:https://registry.npmjs.org/selderee set size:undefined disposed:false
77 http fetch GET 200 https://registry.npmjs.org/@selderee%2fplugin-htmlparser2 310ms (cache miss)
78 silly packumentCache full:https://registry.npmjs.org/@selderee%2fplugin-htmlparser2 set size:undefined disposed:false
79 silly placeDep ROOT @selderee/plugin-htmlparser2@0.11.0 OK for: html-to-text@9.0.5 want: ^0.11.0
80 silly placeDep ROOT deepmerge@4.3.1 OK for: html-to-text@9.0.5 want: ^4.3.1
81 silly placeDep node_modules/html-to-text htmlparser2@8.0.2 OK for: html-to-text@9.0.5 want: ^8.0.2
82 silly placeDep ROOT selderee@0.11.0 OK for: html-to-text@9.0.5 want: ^0.11.0
83 silly fetch manifest entities@^4.4.0
84 silly packumentCache full:https://registry.npmjs.org/entities cache-miss
85 silly fetch manifest parseley@^0.12.0
86 silly packumentCache full:https://registry.npmjs.org/parseley cache-miss
87 http fetch GET 200 https://registry.npmjs.org/entities 67ms (cache miss)
88 silly packumentCache full:https://registry.npmjs.org/entities set size:undefined disposed:false
89 http fetch GET 200 https://registry.npmjs.org/parseley 110ms (cache miss)
90 silly packumentCache full:https://registry.npmjs.org/parseley set size:undefined disposed:false
91 silly placeDep ROOT scheduler@0.27.0 OK for: react-dom@19.2.0 want: ^0.27.0
92 silly placeDep node_modules/react-promise-suspense fast-deep-equal@2.0.1 OK for: react-promise-suspense@0.3.4 want: ^2.0.1
93 silly placeDep ROOT parseley@0.12.1 OK for: selderee@0.11.0 want: ^0.12.0
94 silly fetch manifest leac@^0.6.0
95 silly packumentCache full:https://registry.npmjs.org/leac cache-miss
96 silly fetch manifest peberminta@^0.9.0
97 silly packumentCache full:https://registry.npmjs.org/peberminta cache-miss
98 http fetch GET 200 https://registry.npmjs.org/peberminta 123ms (cache miss)
99 silly packumentCache full:https://registry.npmjs.org/peberminta set size:undefined disposed:false
100 http fetch GET 200 https://registry.npmjs.org/leac 150ms (cache miss)
101 silly packumentCache full:https://registry.npmjs.org/leac set size:undefined disposed:false
102 silly placeDep ROOT leac@0.6.0 OK for: parseley@0.12.1 want: ^0.6.0
103 silly placeDep ROOT peberminta@0.9.0 OK for: parseley@0.12.1 want: ^0.9.0
104 silly placeDep node_modules/html-to-text entities@4.5.0 OK for: htmlparser2@8.0.2 want: ^4.4.0
105 verbose type range
106 verbose stack @astrojs/vercel: No matching version found for @astrojs/vercel@^8.7.1.
106 verbose stack     at module.exports (/Users/davicarneiro/.nvm/versions/node/v22.18.0/lib/node_modules/npm/node_modules/npm-pick-manifest/lib/index.js:215:23)
106 verbose stack     at RegistryFetcher.manifest (/Users/davicarneiro/.nvm/versions/node/v22.18.0/lib/node_modules/npm/node_modules/pacote/lib/registry.js:130:54)
106 verbose stack     at async #fetchManifest (/Users/davicarneiro/.nvm/versions/node/v22.18.0/lib/node_modules/npm/node_modules/@npmcli/arborist/lib/arborist/build-ideal-tree.js:1202:20)
106 verbose stack     at async #nodeFromEdge (/Users/davicarneiro/.nvm/versions/node/v22.18.0/lib/node_modules/npm/node_modules/@npmcli/arborist/lib/arborist/build-ideal-tree.js:1040:19)
106 verbose stack     at async #buildDepStep (/Users/davicarneiro/.nvm/versions/node/v22.18.0/lib/node_modules/npm/node_modules/@npmcli/arborist/lib/arborist/build-ideal-tree.js:904:11)
106 verbose stack     at async Arborist.buildIdealTree (/Users/davicarneiro/.nvm/versions/node/v22.18.0/lib/node_modules/npm/node_modules/@npmcli/arborist/lib/arborist/build-ideal-tree.js:181:7)
106 verbose stack     at async Promise.all (index 1)
106 verbose stack     at async Arborist.reify (/Users/davicarneiro/.nvm/versions/node/v22.18.0/lib/node_modules/npm/node_modules/@npmcli/arborist/lib/arborist/reify.js:131:5)
106 verbose stack     at async Install.exec (/Users/davicarneiro/.nvm/versions/node/v22.18.0/lib/node_modules/npm/lib/commands/install.js:150:5)
106 verbose stack     at async Npm.exec (/Users/davicarneiro/.nvm/versions/node/v22.18.0/lib/node_modules/npm/lib/npm.js:207:9)
107 error code ETARGET
108 error notarget No matching version found for @astrojs/vercel@^8.7.1.
109 error notarget In most cases you or one of your dependencies are requesting
109 error notarget a package version that doesn't exist.
110 silly unfinished npm timer reify 1761515456074
111 silly unfinished npm timer reify:loadTrees 1761515456074
112 verbose cwd /Users/davicarneiro/Desktop/davi.cc
113 verbose os Darwin 25.0.0
114 verbose node v22.18.0
115 verbose npm  v10.9.3
116 notice
116 notice New major version of npm available! 10.9.3 -> 11.6.2
116 notice Changelog: https://github.com/npm/cli/releases/tag/v11.6.2
116 notice To update run: npm install -g npm@11.6.2
116 notice  { force: true, [Symbol(proc-log.meta)]: true }
117 verbose exit 1
118 verbose code 1
119 error A complete log of this run can be found in: /Users/davicarneiro/Desktop/davi.cc/.npm-cache/_logs/2025-10-26T21_50_55_837Z-debug-0.log
