0 verbose cli /Users/davicarneiro/.nvm/versions/node/v22.18.0/bin/node /Users/davicarneiro/.nvm/versions/node/v22.18.0/bin/npm
1 info using npm@10.9.3
2 info using node@v22.18.0
3 silly config load:file:/Users/davicarneiro/.nvm/versions/node/v22.18.0/lib/node_modules/npm/npmrc
4 silly config load:file:/Users/davicarneiro/Desktop/davi.cc/.npmrc
5 silly config load:file:/Users/davicarneiro/.npmrc
6 silly config load:file:/Users/davicarneiro/.nvm/versions/node/v22.18.0/etc/npmrc
7 verbose title npm i resend
8 verbose argv "i" "resend" "--save"
9 verbose logfile logs-max:10 dir:/Users/davicarneiro/Desktop/davi.cc/.npm-cache/_logs/2025-10-26T21_53_41_884Z-
10 verbose logfile /Users/davicarneiro/Desktop/davi.cc/.npm-cache/_logs/2025-10-26T21_53_41_884Z-debug-0.log
11 silly logfile done cleaning log files
12 silly packumentCache heap:4345298944 maxSize:1086324736 maxEntrySize:543162368
13 silly idealTree buildDeps
14 silly fetch manifest resend@^4.0.0
15 silly packumentCache full:https://registry.npmjs.org/resend cache-miss
16 http cache https://registry.npmjs.org/resend 26ms (cache hit)
17 silly packumentCache full:https://registry.npmjs.org/resend set size:273440 disposed:false
18 silly fetch manifest @astrojs/vercel@^7.6.0
19 silly packumentCache full:https://registry.npmjs.org/@astrojs%2fvercel cache-miss
20 http cache https://registry.npmjs.org/@astrojs%2fvercel 2ms (cache hit)
21 silly packumentCache full:https://registry.npmjs.org/@astrojs%2fvercel set size:803651 disposed:false
22 silly fetch manifest astro@^5.15.1
23 silly packumentCache full:https://registry.npmjs.org/astro cache-miss
24 http cache https://registry.npmjs.org/astro 10ms (cache hit)
25 silly packumentCache full:https://registry.npmjs.org/astro set size:8387488 disposed:false
26 silly fetch manifest astro@^4.2.0
27 silly packumentCache full:https://registry.npmjs.org/astro cache-miss
28 http cache https://registry.npmjs.org/astro 7ms (cache hit)
29 silly packumentCache full:https://registry.npmjs.org/astro set size:8387488 disposed:false
30 verbose stack Error: unable to resolve dependency tree
30 verbose stack     at #failPeerConflict (/Users/davicarneiro/.nvm/versions/node/v22.18.0/lib/node_modules/npm/node_modules/@npmcli/arborist/lib/arborist/build-ideal-tree.js:1363:25)
30 verbose stack     at #loadPeerSet (/Users/davicarneiro/.nvm/versions/node/v22.18.0/lib/node_modules/npm/node_modules/@npmcli/arborist/lib/arborist/build-ideal-tree.js:1329:33)
30 verbose stack     at async #buildDepStep (/Users/davicarneiro/.nvm/versions/node/v22.18.0/lib/node_modules/npm/node_modules/@npmcli/arborist/lib/arborist/build-ideal-tree.js:904:11)
30 verbose stack     at async Arborist.buildIdealTree (/Users/davicarneiro/.nvm/versions/node/v22.18.0/lib/node_modules/npm/node_modules/@npmcli/arborist/lib/arborist/build-ideal-tree.js:181:7)
30 verbose stack     at async Promise.all (index 1)
30 verbose stack     at async Arborist.reify (/Users/davicarneiro/.nvm/versions/node/v22.18.0/lib/node_modules/npm/node_modules/@npmcli/arborist/lib/arborist/reify.js:131:5)
30 verbose stack     at async Install.exec (/Users/davicarneiro/.nvm/versions/node/v22.18.0/lib/node_modules/npm/lib/commands/install.js:150:5)
30 verbose stack     at async Npm.exec (/Users/davicarneiro/.nvm/versions/node/v22.18.0/lib/node_modules/npm/lib/npm.js:207:9)
30 verbose stack     at async module.exports (/Users/davicarneiro/.nvm/versions/node/v22.18.0/lib/node_modules/npm/lib/cli/entry.js:74:5)
31 error code ERESOLVE
32 error ERESOLVE unable to resolve dependency tree
33 error
34 error While resolving: @0.0.1
34 error Found: astro@5.15.1
34 error node_modules/astro
34 error   astro@"^5.15.1" from the root project
34 error
34 error Could not resolve dependency:
34 error peer astro@"^4.2.0" from @astrojs/vercel@7.8.2
34 error node_modules/@astrojs/vercel
34 error   dev @astrojs/vercel@"^7.6.0" from the root project
34 error
34 error Fix the upstream dependency conflict, or retry
34 error this command with --force or --legacy-peer-deps
34 error to accept an incorrect (and potentially broken) dependency resolution.
35 error
35 error
35 error For a full report see:
35 error /Users/davicarneiro/Desktop/davi.cc/.npm-cache/_logs/2025-10-26T21_53_41_884Z-eresolve-report.txt
36 silly unfinished npm timer reify 1761515622081
37 silly unfinished npm timer reify:loadTrees 1761515622081
38 silly unfinished npm timer idealTree:buildDeps 1761515622124
39 silly unfinished npm timer idealTree:#root 1761515622124
40 verbose cwd /Users/davicarneiro/Desktop/davi.cc
41 verbose os Darwin 25.0.0
42 verbose node v22.18.0
43 verbose npm  v10.9.3
44 verbose exit 1
45 verbose code 1
46 error A complete log of this run can be found in: /Users/davicarneiro/Desktop/davi.cc/.npm-cache/_logs/2025-10-26T21_53_41_884Z-debug-0.log
